8 5 2 26.67
3 14 3 0.00
28 28 28 0.00
13 13 13 0.00
11 5 7 27.10
30 30 30 0.00
19 19 19 0.00
49 19 49 0.00
61 61 67 19.89
56 56 9 14.52
83 83 4 5.38
51 51 51 0.00
9 9 17 20.94
44 44 17 12.35
8 8 14 6.08
112 112 158 8.67
88 77 7 20.17
79 79 61 32.56
105 95 105 0.00
130 88 24 9.28
31 169 130 10.47
201 201 1 10.13
216 216 4 23.67
214 214 16 7.39
93 199 21 5.51
14 5 5 0.18
220 166 5 17.27
242 246 2 13.20
211 211 2 14.07
91 91 281 9.79
189 189 56 10.39
16 5 5 2.22
230 230 56 5.66
198 198 64 5.75
101 101 1 21.54
17 190 14 10.42
67 67 3 15.56
63 283 14 10.70
241 241 13 14.14
359 48 3 10.80
330 330 4 17.82
303 303 1 12.04
145 145 145 0.00
352 62 5 14.86
91 294 4 10.65
164 136 389 7.21
48 48 3 4.74
80 80 11 10.04
406 406 188 4.54
113 73 5 27.49
