2 2 3 28.10
8 8 3 0.91
9 9 5 26.32
7 3 3 3.88
33 4 50 12.00
3 3 17 5.64
5 12 47 6.62
11 11 10 35.73
10 10 34 5.60
8 8 37 49.51
7 9 12 21.38
14 14 23 12.23
22 22 7 9.28
21 38 51 8.84
39 39 21 19.57
69 66 21 6.37
45 45 28 36.05
23 23 154 39.13
61 61 61 0.00
2 2 16 24.97
41 41 39 10.14
29 4 81 18.34
23 23 23 0.00
29 29 73 2.77
39 39 39 0.00
42 42 42 0.00
129 129 233 18.19
33 3 197 24.31
1 30 170 24.59
32 32 34 31.96
45 45 18 4.88
43 40 43 0.00
68 68 69 15.35
49 49 28 12.74
38 38 39 5.56
40 40 37 13.29
47 47 5 4.32
52 52 7 22.30
29 29 16 18.44
51 51 22 3.38
59 59 33 4.29
84 84 84 0.00
40 40 48 3.85
50 50 28 3.30
46 46 1 11.09
62 62 28 16.54
96 96 44 9.70
55 55 30 23.78
52 52 57 15.81
56 65 62 1.49
